<?xml version="1.0" encoding="UTF-8"?>
<testng-results ignored="0" total="1" passed="1" failed="0" skipped="0">
  <reporter-output>
  </reporter-output>
  <suite started-at="2023-11-24T12:30:00 PKT" name="All Test Suite" finished-at="2023-11-24T12:30:03 PKT" duration-ms="3837">
    <groups>
    </groups>
    <test started-at="2023-11-24T12:30:00 PKT" name="/home/usman-dar/Desktop/RestAssured-master" finished-at="2023-11-24T12:30:03 PKT" duration-ms="3837">
      <class name="testcases.getPusherCreds">
        <test-method signature="superKiwi()[pri:0, instance:testcases.getPusherCreds@4d154ccd]" started-at="2023-11-24T12:30:00 PKT" name="superKiwi" finished-at="2023-11-24T12:30:03 PKT" duration-ms="3710" status="PASS">
          <reporter-output>
          </reporter-output>
        </test-method> <!-- superKiwi -->
      </class> <!-- testcases.getPusherCreds -->
    </test> <!-- /home/usman-dar/Desktop/RestAssured-master -->
  </suite> <!-- All Test Suite -->
</testng-results>
